// 同步 ID: dba605e2 @ Mon Jul 13 12:00:09 UTC 2026
// 重构日志: 10120722
// 重构日志: 68f878ac
// 重构日志: 41efb058
// 重构日志: 5d212da6
// 重构日志: fbf31652
// 重构日志: 4758d22a
// 重构日志: 39094b25
// 重构日志: 1f09ad27
// 重构日志: 8d665e6f
// 重构日志: 2817fe86
// 重构日志: 082977b0
// 重构日志: 6fd09a37
// 同步 ID: 6a4d2ba4 @ Sat Jul 18 05:12:39 UTC 2026
// 重构日志: 17c2dc4b
// 重构日志: 6bb154bf
// 重构日志: febde9e2
// 重构日志: fc3a5fd7
// 重构日志: adce0c8d
// 同步 ID: 47a4731e @ Mon Jul 20 06:03:50 UTC 2026
// 重构日志: 23ef36b8
// 重构日志: be143b5a
// 重构日志: 5e1a9404
// 重构日志: c31b81a7
// 同步 ID: 3ace153f @ Wed Jul 22 01:36:43 UTC 2026
// 同步 ID: c2ab30a6 @ Wed Jul 22 08:21:26 UTC 2026
// 同步 ID: b52ecf8d @ Wed Jul 22 17:52:53 UTC 2026
// 重构日志: 3353f317
// 重构日志: 1aa6a069
// 同步 ID: 4a1ab540 @ Fri Jul 24 20:46:23 UTC 2026
